[debug] [2023-10-18T05:22:54.228Z] ----------------------------------------------------------------------
[debug] [2023-10-18T05:22:54.231Z] Command:       C:\Program Files\nodejs\node.exe C:\Users\saksham vinod singh\AppData\Roaming\npm\node_modules\firebase-tools\lib\bin\firebase.js init
[debug] [2023-10-18T05:22:54.232Z] CLI Version:   12.7.0
[debug] [2023-10-18T05:22:54.233Z] Platform:      win32
[debug] [2023-10-18T05:22:54.233Z] Node Version:  v18.17.1
[debug] [2023-10-18T05:22:54.236Z] Time:          Wed Oct 18 2023 10:52:54 GMT+0530 (India Standard Time)
[debug] [2023-10-18T05:22:54.237Z] ----------------------------------------------------------------------
[debug] 
[debug] [2023-10-18T05:22:54.444Z] > command requires scopes: ["email","openid","https://www.googleapis.com/auth/cloudplatformprojects.readonly","https://www.googleapis.com/auth/firebase","https://www.googleapis.com/auth/cloud-platform"]
[debug] [2023-10-18T05:22:54.446Z] > authorizing via signed-in user (shruti83295435@gmail.com)
[info] 
     ######## #### ########  ######## ########     ###     ######  ########
     ##        ##  ##     ## ##       ##     ##  ##   ##  ##       ##
     ######    ##  ########  ######   ########  #########  ######  ######
     ##        ##  ##    ##  ##       ##     ## ##     ##       ## ##
     ##       #### ##     ## ######## ########  ##     ##  ######  ########

You're about to initialize a Firebase project in this directory:

  E:\Blog Application\ang-blog-dashboard

Before we get started, keep in mind:

  * You are initializing within an existing Firebase project directory

[info] 
=== Project Setup
[info] 
[info] First, let's associate this project directory with a Firebase project.
[info] You can create multiple project aliases by running firebase use --add, 
[info] but for now we'll just set up a default project.
[info] 
[debug] [2023-10-18T05:23:22.748Z] Using project from CLI flag: ang-blog-project
[debug] [2023-10-18T05:23:22.751Z] >>> [apiv2][query] GET https://firebase.googleapis.com/v1beta1/projects/ang-blog-project [none]
[debug] [2023-10-18T05:23:23.655Z] <<< [apiv2][status] GET https://firebase.googleapis.com/v1beta1/projects/ang-blog-project 200
[debug] [2023-10-18T05:23:23.655Z] <<< [apiv2][body] GET https://firebase.googleapis.com/v1beta1/projects/ang-blog-project {"projectId":"ang-blog-project","projectNumber":"594890329244","displayName":"Ang-Blog-Project","name":"projects/ang-blog-project","resources":{"hostingSite":"ang-blog-project","realtimeDatabaseInstance":"ang-blog-project-default-rtdb"},"state":"ACTIVE","etag":"1_6ba4cd54-2271-4aa8-9537-7c716e42b113"}
[info] i  Using project ang-blog-project (Ang-Blog-Project) 
[info] 
=== Database Setup
[info] i  database: ensuring required API firebasedatabase.googleapis.com is enabled... 
[debug] [2023-10-18T05:23:23.696Z] >>> [apiv2][query] GET https://serviceusage.googleapis.com/v1/projects/ang-blog-project/services/firebasedatabase.googleapis.com [none]
[debug] [2023-10-18T05:23:23.697Z] >>> [apiv2][(partial)header] GET https://serviceusage.googleapis.com/v1/projects/ang-blog-project/services/firebasedatabase.googleapis.com x-goog-quota-user=projects/ang-blog-project
[debug] [2023-10-18T05:23:26.065Z] <<< [apiv2][status] GET https://serviceusage.googleapis.com/v1/projects/ang-blog-project/services/firebasedatabase.googleapis.com 200
[debug] [2023-10-18T05:23:26.065Z] <<< [apiv2][body] GET https://serviceusage.googleapis.com/v1/projects/ang-blog-project/services/firebasedatabase.googleapis.com [omitted]
[info] +  database: required API firebasedatabase.googleapis.com is enabled 
[info] 
[debug] [2023-10-18T05:23:26.068Z] >>> [apiv2][query] GET https://firebasedatabase.googleapis.com/v1beta/projects/ang-blog-project/locations/-/instances/ang-blog-project-default-rtdb [none]
[debug] [2023-10-18T05:23:28.307Z] <<< [apiv2][status] GET https://firebasedatabase.googleapis.com/v1beta/projects/ang-blog-project/locations/-/instances/ang-blog-project-default-rtdb 200
[debug] [2023-10-18T05:23:28.307Z] <<< [apiv2][body] GET https://firebasedatabase.googleapis.com/v1beta/projects/ang-blog-project/locations/-/instances/ang-blog-project-default-rtdb {"name":"projects/594890329244/locations/us-central1/instances/ang-blog-project-default-rtdb","project":"projects/594890329244","databaseUrl":"https://ang-blog-project-default-rtdb.firebaseio.com","type":"DEFAULT_DATABASE","state":"ACTIVE"}
[info] 
[info] Firebase Realtime Database Security Rules allow you to define how your data should be
[info] structured and when your data can be read from and written to.
[info] 
[debug] [2023-10-18T05:23:42.436Z] >>> [apiv2][query] GET https://ang-blog-project-default-rtdb.firebaseio.com/.settings/rules.json [none]
[debug] [2023-10-18T05:23:43.312Z] <<< [apiv2][status] GET https://ang-blog-project-default-rtdb.firebaseio.com/.settings/rules.json 200
[debug] [2023-10-18T05:23:43.312Z] <<< [apiv2][body] GET https://ang-blog-project-default-rtdb.firebaseio.com/.settings/rules.json [stream]
[info] +  Database Rules for ang-blog-project-default-rtdb have been written to database.rules.json. 
[info] Future modifications to database.rules.json will update Realtime Database Security Rules when you run
[info] firebase deploy.
[info] 
=== Firestore Setup
[debug] [2023-10-18T05:23:43.322Z] >>> [apiv2][query] GET https://serviceusage.googleapis.com/v1/projects/ang-blog-project/services/firestore.googleapis.com [none]
[debug] [2023-10-18T05:23:43.323Z] >>> [apiv2][(partial)header] GET https://serviceusage.googleapis.com/v1/projects/ang-blog-project/services/firestore.googleapis.com x-goog-quota-user=projects/ang-blog-project
[debug] [2023-10-18T05:23:45.270Z] <<< [apiv2][status] GET https://serviceusage.googleapis.com/v1/projects/ang-blog-project/services/firestore.googleapis.com 200
[debug] [2023-10-18T05:23:45.271Z] <<< [apiv2][body] GET https://serviceusage.googleapis.com/v1/projects/ang-blog-project/services/firestore.googleapis.com [omitted]
[debug] [2023-10-18T05:23:45.271Z] >>> [apiv2][query] GET https://firestore.googleapis.com/v1/projects/ang-blog-project/databases/(default) [none]
[debug] [2023-10-18T05:23:47.505Z] <<< [apiv2][status] GET https://firestore.googleapis.com/v1/projects/ang-blog-project/databases/(default) 200
[debug] [2023-10-18T05:23:47.506Z] <<< [apiv2][body] GET https://firestore.googleapis.com/v1/projects/ang-blog-project/databases/(default) {"name":"projects/ang-blog-project/databases/(default)","uid":"885545d2-38ff-4b1c-8349-ea3cc4bc6d74","createTime":"2023-10-18T05:19:32.904487Z","updateTime":"2023-10-18T05:19:32.904487Z","locationId":"nam5","type":"FIRESTORE_NATIVE","concurrencyMode":"PESSIMISTIC","versionRetentionPeriod":"3600s","earliestVersionTime":"2023-10-18T05:19:32.904487Z","appEngineIntegrationMode":"DISABLED","keyPrefix":"s","pointInTimeRecoveryEnablement":"POINT_IN_TIME_RECOVERY_DISABLED","deleteProtectionState":"DELETE_PROTECTION_DISABLED","etag":"IOW19cDt/oEDMKeczcbs/oED"}
[debug] [2023-10-18T05:23:47.506Z] database_type: FIRESTORE_NATIVE
[debug] [2023-10-18T05:23:47.506Z] > command requires scopes: ["email","openid","https://www.googleapis.com/auth/cloudplatformprojects.readonly","https://www.googleapis.com/auth/firebase","https://www.googleapis.com/auth/cloud-platform"]
[debug] [2023-10-18T05:23:47.506Z] > authorizing via signed-in user (shruti83295435@gmail.com)
[debug] [2023-10-18T05:23:47.506Z] [iam] checking project ang-blog-project for permissions ["firebase.projects.get"]
[debug] [2023-10-18T05:23:47.507Z] >>> [apiv2][query] POST https://cloudresourcemanager.googleapis.com/v1/projects/ang-blog-project:testIamPermissions [none]
[debug] [2023-10-18T05:23:47.507Z] >>> [apiv2][(partial)header] POST https://cloudresourcemanager.googleapis.com/v1/projects/ang-blog-project:testIamPermissions x-goog-quota-user=projects/ang-blog-project
[debug] [2023-10-18T05:23:47.507Z] >>> [apiv2][body] POST https://cloudresourcemanager.googleapis.com/v1/projects/ang-blog-project:testIamPermissions {"permissions":["firebase.projects.get"]}
[debug] [2023-10-18T05:23:49.276Z] <<< [apiv2][status] POST https://cloudresourcemanager.googleapis.com/v1/projects/ang-blog-project:testIamPermissions 200
[debug] [2023-10-18T05:23:49.276Z] <<< [apiv2][body] POST https://cloudresourcemanager.googleapis.com/v1/projects/ang-blog-project:testIamPermissions {"permissions":["firebase.projects.get"]}
[info] 
[info] Firestore Security Rules allow you to define how and when to allow
[info] requests. You can keep these rules in your project directory
[info] and publish them with firebase deploy.
[info] 
[debug] [2023-10-18T05:24:07.322Z] >>> [apiv2][query] GET https://firebaserules.googleapis.com/v1/projects/ang-blog-project/releases pageSize=10&pageToken=
[debug] [2023-10-18T05:24:09.219Z] <<< [apiv2][status] GET https://firebaserules.googleapis.com/v1/projects/ang-blog-project/releases 200
[debug] [2023-10-18T05:24:09.219Z] <<< [apiv2][body] GET https://firebaserules.googleapis.com/v1/projects/ang-blog-project/releases {"releases":[{"name":"projects/ang-blog-project/releases/cloud.firestore","rulesetName":"projects/ang-blog-project/rulesets/d7dc32b3-7bab-406b-ab3b-2026dd04c3b4","createTime":"2023-10-18T05:19:39.002073Z","updateTime":"2023-10-18T05:19:39.002073Z"}]}
[debug] [2023-10-18T05:24:09.219Z] Found ruleset: projects/ang-blog-project/rulesets/d7dc32b3-7bab-406b-ab3b-2026dd04c3b4
[debug] [2023-10-18T05:24:09.220Z] >>> [apiv2][query] GET https://firebaserules.googleapis.com/v1/projects/ang-blog-project/rulesets/d7dc32b3-7bab-406b-ab3b-2026dd04c3b4 [none]
[debug] [2023-10-18T05:24:10.867Z] <<< [apiv2][status] GET https://firebaserules.googleapis.com/v1/projects/ang-blog-project/rulesets/d7dc32b3-7bab-406b-ab3b-2026dd04c3b4 200
[debug] [2023-10-18T05:24:10.867Z] <<< [apiv2][body] GET https://firebaserules.googleapis.com/v1/projects/ang-blog-project/rulesets/d7dc32b3-7bab-406b-ab3b-2026dd04c3b4 [omitted]
[info] 
[info] Firestore indexes allow you to perform complex queries while
[info] maintaining performance that scales with the size of the result
[info] set. You can keep index definitions in your project directory
[info] and publish them with firebase deploy.
[info] 
[debug] [2023-10-18T05:24:23.490Z] >>> [apiv2][query] GET https://firestore.googleapis.com/v1/projects/ang-blog-project/databases/(default)/collectionGroups/-/indexes [none]
[debug] [2023-10-18T05:24:23.494Z] >>> [apiv2][query] GET https://firestore.googleapis.com/v1/projects/ang-blog-project/databases/(default)/collectionGroups/-/fields?filter=indexConfig.usesAncestorConfig=false OR ttlConfig:* [none]
[debug] [2023-10-18T05:24:25.442Z] <<< [apiv2][status] GET https://firestore.googleapis.com/v1/projects/ang-blog-project/databases/(default)/collectionGroups/-/indexes 200
[debug] [2023-10-18T05:24:25.443Z] <<< [apiv2][body] GET https://firestore.googleapis.com/v1/projects/ang-blog-project/databases/(default)/collectionGroups/-/indexes {}
[debug] [2023-10-18T05:24:25.669Z] <<< [apiv2][status] GET https://firestore.googleapis.com/v1/projects/ang-blog-project/databases/(default)/collectionGroups/-/fields?filter=indexConfig.usesAncestorConfig=false OR ttlConfig:* 200
[debug] [2023-10-18T05:24:25.669Z] <<< [apiv2][body] GET https://firestore.googleapis.com/v1/projects/ang-blog-project/databases/(default)/collectionGroups/-/fields?filter=indexConfig.usesAncestorConfig=false OR ttlConfig:* {"fields":[{"name":"projects/ang-blog-project/databases/(default)/collectionGroups/__default__/fields/*","indexConfig":{"indexes":[{"queryScope":"COLLECTION","fields":[{"fieldPath":"*","order":"ASCENDING"}],"state":"READY"},{"queryScope":"COLLECTION","fields":[{"fieldPath":"*","order":"DESCENDING"}],"state":"READY"},{"queryScope":"COLLECTION","fields":[{"fieldPath":"*","arrayConfig":"CONTAINS"}],"state":"READY"}]}}]}
[info] 
=== Hosting Setup
[info] 
[info] Your public directory is the folder (relative to your project directory) that
[info] will contain Hosting assets to be uploaded with firebase deploy. If you
[info] have a build process for your assets, use your build's output directory.
[info] 
[debug] [2023-10-18T05:24:38.459Z] >>> [apiv2][query] GET https://www.gstatic.com/firebasejs/releases.json [none]
[debug] [2023-10-18T05:24:38.794Z] <<< [apiv2][status] GET https://www.gstatic.com/firebasejs/releases.json 200
[debug] [2023-10-18T05:24:38.795Z] <<< [apiv2][body] GET https://www.gstatic.com/firebasejs/releases.json {"current":{"version":"10.5.0","browserURL":"https://www.gstatic.com/firebasejs/10.5.0/firebase.js","packageURL":"https://www.gstatic.com/firebasejs/10.5.0/firebase.tgz"},"live":{"version":"10.5","browserURL":"https://www.gstatic.com/firebasejs/live/10.5/firebase.js","packageURL":"https://www.gstatic.com/firebasejs/live/10.5/firebase.tgz"},"components":{"analytics":"https://www.gstatic.com/firebasejs/10.5.0/firebase-analytics.js","app":"https://www.gstatic.com/firebasejs/10.5.0/firebase-app.js","app-check":"https://www.gstatic.com/firebasejs/10.5.0/firebase-app-check.js","auth":"https://www.gstatic.com/firebasejs/10.5.0/firebase-auth.js","auth/cordova":"https://www.gstatic.com/firebasejs/10.5.0/firebase-auth/cordova.js","functions":"https://www.gstatic.com/firebasejs/10.5.0/firebase-functions.js","firestore":"https://www.gstatic.com/firebasejs/10.5.0/firebase-firestore.js","firestore/lite":"https://www.gstatic.com/firebasejs/10.5.0/firebase-firestore/lite.js","installations":"https://www.gstatic.com/firebasejs/10.5.0/firebase-installations.js","storage":"https://www.gstatic.com/firebasejs/10.5.0/firebase-storage.js","performance":"https://www.gstatic.com/firebasejs/10.5.0/firebase-performance.js","remote-config":"https://www.gstatic.com/firebasejs/10.5.0/firebase-remote-config.js","messaging":"https://www.gstatic.com/firebasejs/10.5.0/firebase-messaging.js","messaging/sw":"https://www.gstatic.com/firebasejs/10.5.0/firebase-messaging/sw.js","database":"https://www.gstatic.com/firebasejs/10.5.0/firebase-database.js","firestore.memory":"https://www.gstatic.com/firebasejs/10.5.0/firebase-firestore.memory.js"}}
[info] +  Wrote public/index.html 
[info] 
[info] i  Didn't detect a .git folder. Assuming E:\Blog Application\ang-blog-dashboard is the project root. 
[info] i  Authorizing with GitHub to upload your service account to a GitHub repository's secrets store. 
[info] 
[info] Visit this URL on this device to log in:
[info] https://github.com/login/oauth/authorize?client_id=89cf50f02ac6aaed3484&state=740948803&redirect_uri=http%3A%2F%2Flocalhost%3A9005&scope=read%3Auser%20repo%20public_repo
[info] 
[info] Waiting for authentication...
[debug] [2023-10-18T05:24:51.746Z] >>> [apiv2][query] POST https://github.com/login/oauth/access_token [none]
[debug] [2023-10-18T05:24:51.747Z] >>> [apiv2][body] POST https://github.com/login/oauth/access_token [stream]
[debug] [2023-10-18T05:24:52.470Z] <<< [apiv2][status] POST https://github.com/login/oauth/access_token 200
[debug] [2023-10-18T05:24:52.470Z] <<< [apiv2][body] POST https://github.com/login/oauth/access_token {"access_token":"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","token_type":"bearer","scope":"read:user,repo"}
[debug] [2023-10-18T05:24:52.513Z] >>> [apiv2][query] GET https://api.github.com/user [none]
[debug] [2023-10-18T05:24:53.079Z] <<< [apiv2][status] GET https://api.github.com/user 200
[debug] [2023-10-18T05:24:53.080Z] <<< [apiv2][body] GET https://api.github.com/user {"login":"shruti8329","id":113300722,"node_id":"U_kgDOBsDU8g","avatar_url":"https://avatars.githubusercontent.com/u/113300722?v=4","gravatar_id":"","url":"https://api.github.com/users/shruti8329","html_url":"https://github.com/shruti8329","followers_url":"https://api.github.com/users/shruti8329/followers","following_url":"https://api.github.com/users/shruti8329/following{/other_user}","gists_url":"https://api.github.com/users/shruti8329/gists{/gist_id}","starred_url":"https://api.github.com/users/shruti8329/starred{/owner}{/repo}","subscriptions_url":"https://api.github.com/users/shruti8329/subscriptions","organizations_url":"https://api.github.com/users/shruti8329/orgs","repos_url":"https://api.github.com/users/shruti8329/repos","events_url":"https://api.github.com/users/shruti8329/events{/privacy}","received_events_url":"https://api.github.com/users/shruti8329/received_events","type":"User","site_admin":false,"name":"shruti singh","company":null,"blog":"","location":null,"email":null,"hireable":null,"bio":null,"twitter_username":null,"public_repos":1,"public_gists":0,"followers":0,"following":0,"created_at":"2022-09-11T15:38:19Z","updated_at":"2023-10-12T04:41:10Z","private_gists":0,"total_private_repos":1,"owned_private_repos":1,"disk_usage":5,"collaborators":0,"two_factor_authentication":false,"plan":{"name":"free","space":976562499,"collaborators":0,"private_repos":10000}}
[info] 
[info] +  Success! Logged into GitHub as shruti8329 
[info] 
[debug] [2023-10-18T05:25:00.448Z] >>> [apiv2][query] GET https://api.github.com/repos//actions/secrets/public-key type=owner
[debug] [2023-10-18T05:25:00.900Z] <<< [apiv2][status] GET https://api.github.com/repos//actions/secrets/public-key 404
[debug] [2023-10-18T05:25:00.900Z] <<< [apiv2][body] GET https://api.github.com/repos//actions/secrets/public-key {"message":"Not Found","documentation_url":"https://docs.github.com/rest"}
[info] 
[info] 
[error] !  The provided authorization cannot be used with this repository. If this repository is in an organization, did you remember to grant access? 
[info] 
[info] i  Action required: Visit this URL to ensure access has been granted to the appropriate organization(s) for the Firebase CLI GitHub OAuth App: 
[info] https://github.com/settings/connections/applications/89cf50f02ac6aaed3484
[info] 
[debug] [2023-10-18T05:25:40.674Z] >>> [apiv2][query] GET https://api.github.com/repos//actions/secrets/public-key type=owner
[debug] [2023-10-18T05:25:41.098Z] <<< [apiv2][status] GET https://api.github.com/repos//actions/secrets/public-key 404
[debug] [2023-10-18T05:25:41.099Z] <<< [apiv2][body] GET https://api.github.com/repos//actions/secrets/public-key {"message":"Not Found","documentation_url":"https://docs.github.com/rest"}
[info] 
[info] 
[error] !  The provided authorization cannot be used with this repository. If this repository is in an organization, did you remember to grant access? 
[info] 
[info] i  Action required: Visit this URL to ensure access has been granted to the appropriate organization(s) for the Firebase CLI GitHub OAuth App: 
[info] https://github.com/settings/connections/applications/89cf50f02ac6aaed3484
[info] 
[debug] [2023-10-18T05:26:07.583Z] >>> [apiv2][query] GET https://api.github.com/repos//actions/secrets/public-key type=owner
[debug] [2023-10-18T05:26:08.019Z] <<< [apiv2][status] GET https://api.github.com/repos//actions/secrets/public-key 401
[debug] [2023-10-18T05:26:08.019Z] <<< [apiv2][body] GET https://api.github.com/repos//actions/secrets/public-key {"message":"Bad credentials","documentation_url":"https://docs.github.com/rest"}
[debug] [2023-10-18T05:26:10.453Z] >>> [apiv2][query] GET https://api.github.com/repos//actions/secrets/public-key type=owner
[debug] [2023-10-18T05:26:10.835Z] <<< [apiv2][status] GET https://api.github.com/repos//actions/secrets/public-key 401
[debug] [2023-10-18T05:26:10.836Z] <<< [apiv2][body] GET https://api.github.com/repos//actions/secrets/public-key {"message":"Bad credentials","documentation_url":"https://docs.github.com/rest"}
[debug] [2023-10-18T05:26:34.410Z] >>> [apiv2][query] GET https://api.github.com/repos//actions/secrets/public-key type=owner
[debug] [2023-10-18T05:26:35.217Z] <<< [apiv2][status] GET https://api.github.com/repos//actions/secrets/public-key 401
[debug] [2023-10-18T05:26:35.217Z] <<< [apiv2][body] GET https://api.github.com/repos//actions/secrets/public-key {"message":"Bad credentials","documentation_url":"https://docs.github.com/rest"}
[debug] [2023-10-18T05:27:40.808Z] >>> [apiv2][query] GET https://api.github.com/repos//actions/secrets/public-key type=owner
[debug] [2023-10-18T05:27:41.249Z] <<< [apiv2][status] GET https://api.github.com/repos//actions/secrets/public-key 401
[debug] [2023-10-18T05:27:41.249Z] <<< [apiv2][body] GET https://api.github.com/repos//actions/secrets/public-key {"message":"Bad credentials","documentation_url":"https://docs.github.com/rest"}
[debug] [2023-10-18T05:28:28.005Z] ----------------------------------------------------------------------
[debug] [2023-10-18T05:28:28.009Z] Command:       C:\Program Files\nodejs\node.exe C:\Users\saksham vinod singh\AppData\Roaming\npm\node_modules\firebase-tools\lib\bin\firebase.js init
[debug] [2023-10-18T05:28:28.010Z] CLI Version:   12.7.0
[debug] [2023-10-18T05:28:28.010Z] Platform:      win32
[debug] [2023-10-18T05:28:28.010Z] Node Version:  v18.17.1
[debug] [2023-10-18T05:28:28.011Z] Time:          Wed Oct 18 2023 10:58:28 GMT+0530 (India Standard Time)
[debug] [2023-10-18T05:28:28.012Z] ----------------------------------------------------------------------
[debug] 
[debug] [2023-10-18T05:28:28.136Z] > command requires scopes: ["email","openid","https://www.googleapis.com/auth/cloudplatformprojects.readonly","https://www.googleapis.com/auth/firebase","https://www.googleapis.com/auth/cloud-platform"]
[debug] [2023-10-18T05:28:28.137Z] > authorizing via signed-in user (shruti83295435@gmail.com)
[info] 
     ######## #### ########  ######## ########     ###     ######  ########
     ##        ##  ##     ## ##       ##     ##  ##   ##  ##       ##
     ######    ##  ########  ######   ########  #########  ######  ######
     ##        ##  ##    ##  ##       ##     ## ##     ##       ## ##
     ##       #### ##     ## ######## ########  ##     ##  ######  ########

You're about to initialize a Firebase project in this directory:

  E:\Blog Application\ang-blog-dashboard

Before we get started, keep in mind:

  * You are initializing within an existing Firebase project directory

[info] 
=== Project Setup
[info] 
[info] First, let's associate this project directory with a Firebase project.
[info] You can create multiple project aliases by running firebase use --add, 
[info] but for now we'll just set up a default project.
[info] 
[debug] [2023-10-18T05:28:50.435Z] Using project from CLI flag: ang-blog-project
[debug] [2023-10-18T05:28:50.440Z] >>> [apiv2][query] GET https://firebase.googleapis.com/v1beta1/projects/ang-blog-project [none]
[debug] [2023-10-18T05:28:51.508Z] <<< [apiv2][status] GET https://firebase.googleapis.com/v1beta1/projects/ang-blog-project 200
[debug] [2023-10-18T05:28:51.508Z] <<< [apiv2][body] GET https://firebase.googleapis.com/v1beta1/projects/ang-blog-project {"projectId":"ang-blog-project","projectNumber":"594890329244","displayName":"Ang-Blog-Project","name":"projects/ang-blog-project","resources":{"hostingSite":"ang-blog-project","realtimeDatabaseInstance":"ang-blog-project-default-rtdb"},"state":"ACTIVE","etag":"1_6ba4cd54-2271-4aa8-9537-7c716e42b113"}
[info] i  Using project ang-blog-project (Ang-Blog-Project) 
[info] 
=== Database Setup
[info] i  database: ensuring required API firebasedatabase.googleapis.com is enabled... 
[debug] [2023-10-18T05:28:51.581Z] >>> [apiv2][query] GET https://serviceusage.googleapis.com/v1/projects/ang-blog-project/services/firebasedatabase.googleapis.com [none]
[debug] [2023-10-18T05:28:51.582Z] >>> [apiv2][(partial)header] GET https://serviceusage.googleapis.com/v1/projects/ang-blog-project/services/firebasedatabase.googleapis.com x-goog-quota-user=projects/ang-blog-project
[debug] [2023-10-18T05:28:54.051Z] <<< [apiv2][status] GET https://serviceusage.googleapis.com/v1/projects/ang-blog-project/services/firebasedatabase.googleapis.com 200
[debug] [2023-10-18T05:28:54.051Z] <<< [apiv2][body] GET https://serviceusage.googleapis.com/v1/projects/ang-blog-project/services/firebasedatabase.googleapis.com [omitted]
[info] +  database: required API firebasedatabase.googleapis.com is enabled 
[info] 
[debug] [2023-10-18T05:28:54.054Z] >>> [apiv2][query] GET https://firebasedatabase.googleapis.com/v1beta/projects/ang-blog-project/locations/-/instances/ang-blog-project-default-rtdb [none]
[debug] [2023-10-18T05:28:56.297Z] <<< [apiv2][status] GET https://firebasedatabase.googleapis.com/v1beta/projects/ang-blog-project/locations/-/instances/ang-blog-project-default-rtdb 200
[debug] [2023-10-18T05:28:56.297Z] <<< [apiv2][body] GET https://firebasedatabase.googleapis.com/v1beta/projects/ang-blog-project/locations/-/instances/ang-blog-project-default-rtdb {"name":"projects/594890329244/locations/us-central1/instances/ang-blog-project-default-rtdb","project":"projects/594890329244","databaseUrl":"https://ang-blog-project-default-rtdb.firebaseio.com","type":"DEFAULT_DATABASE","state":"ACTIVE"}
[info] 
[info] Firebase Realtime Database Security Rules allow you to define how your data should be
[info] structured and when your data can be read from and written to.
[info] 
[debug] [2023-10-18T05:29:04.559Z] >>> [apiv2][query] GET https://ang-blog-project-default-rtdb.firebaseio.com/.settings/rules.json [none]
[debug] [2023-10-18T05:29:05.583Z] <<< [apiv2][status] GET https://ang-blog-project-default-rtdb.firebaseio.com/.settings/rules.json 200
[debug] [2023-10-18T05:29:05.584Z] <<< [apiv2][body] GET https://ang-blog-project-default-rtdb.firebaseio.com/.settings/rules.json [stream]
[info] +  Database Rules for ang-blog-project-default-rtdb have been written to database.rules.json. 
[info] Future modifications to database.rules.json will update Realtime Database Security Rules when you run
[info] firebase deploy.
[info] 
=== Firestore Setup
[debug] [2023-10-18T05:29:05.595Z] >>> [apiv2][query] GET https://serviceusage.googleapis.com/v1/projects/ang-blog-project/services/firestore.googleapis.com [none]
[debug] [2023-10-18T05:29:05.595Z] >>> [apiv2][(partial)header] GET https://serviceusage.googleapis.com/v1/projects/ang-blog-project/services/firestore.googleapis.com x-goog-quota-user=projects/ang-blog-project
[debug] [2023-10-18T05:29:07.595Z] <<< [apiv2][status] GET https://serviceusage.googleapis.com/v1/projects/ang-blog-project/services/firestore.googleapis.com 200
[debug] [2023-10-18T05:29:07.596Z] <<< [apiv2][body] GET https://serviceusage.googleapis.com/v1/projects/ang-blog-project/services/firestore.googleapis.com [omitted]
[debug] [2023-10-18T05:29:07.596Z] >>> [apiv2][query] GET https://firestore.googleapis.com/v1/projects/ang-blog-project/databases/(default) [none]
[debug] [2023-10-18T05:29:09.726Z] <<< [apiv2][status] GET https://firestore.googleapis.com/v1/projects/ang-blog-project/databases/(default) 200
[debug] [2023-10-18T05:29:09.726Z] <<< [apiv2][body] GET https://firestore.googleapis.com/v1/projects/ang-blog-project/databases/(default) {"name":"projects/ang-blog-project/databases/(default)","uid":"885545d2-38ff-4b1c-8349-ea3cc4bc6d74","createTime":"2023-10-18T05:19:32.904487Z","updateTime":"2023-10-18T05:19:32.904487Z","locationId":"nam5","type":"FIRESTORE_NATIVE","concurrencyMode":"PESSIMISTIC","versionRetentionPeriod":"3600s","earliestVersionTime":"2023-10-18T05:19:32.904487Z","appEngineIntegrationMode":"DISABLED","keyPrefix":"s","pointInTimeRecoveryEnablement":"POINT_IN_TIME_RECOVERY_DISABLED","deleteProtectionState":"DELETE_PROTECTION_DISABLED","etag":"IPueydru/oEDMOXlntPt/oED"}
[debug] [2023-10-18T05:29:09.727Z] database_type: FIRESTORE_NATIVE
[debug] [2023-10-18T05:29:09.727Z] > command requires scopes: ["email","openid","https://www.googleapis.com/auth/cloudplatformprojects.readonly","https://www.googleapis.com/auth/firebase","https://www.googleapis.com/auth/cloud-platform"]
[debug] [2023-10-18T05:29:09.728Z] > authorizing via signed-in user (shruti83295435@gmail.com)
[debug] [2023-10-18T05:29:09.728Z] [iam] checking project ang-blog-project for permissions ["firebase.projects.get"]
[debug] [2023-10-18T05:29:09.729Z] >>> [apiv2][query] POST https://cloudresourcemanager.googleapis.com/v1/projects/ang-blog-project:testIamPermissions [none]
[debug] [2023-10-18T05:29:09.729Z] >>> [apiv2][(partial)header] POST https://cloudresourcemanager.googleapis.com/v1/projects/ang-blog-project:testIamPermissions x-goog-quota-user=projects/ang-blog-project
[debug] [2023-10-18T05:29:09.729Z] >>> [apiv2][body] POST https://cloudresourcemanager.googleapis.com/v1/projects/ang-blog-project:testIamPermissions {"permissions":["firebase.projects.get"]}
[debug] [2023-10-18T05:29:11.649Z] <<< [apiv2][status] POST https://cloudresourcemanager.googleapis.com/v1/projects/ang-blog-project:testIamPermissions 200
[debug] [2023-10-18T05:29:11.649Z] <<< [apiv2][body] POST https://cloudresourcemanager.googleapis.com/v1/projects/ang-blog-project:testIamPermissions {"permissions":["firebase.projects.get"]}
[info] 
[info] Firestore Security Rules allow you to define how and when to allow
[info] requests. You can keep these rules in your project directory
[info] and publish them with firebase deploy.
[info] 
[debug] [2023-10-18T05:29:22.514Z] >>> [apiv2][query] GET https://firebaserules.googleapis.com/v1/projects/ang-blog-project/releases pageSize=10&pageToken=
[debug] [2023-10-18T05:29:24.464Z] <<< [apiv2][status] GET https://firebaserules.googleapis.com/v1/projects/ang-blog-project/releases 200
[debug] [2023-10-18T05:29:24.465Z] <<< [apiv2][body] GET https://firebaserules.googleapis.com/v1/projects/ang-blog-project/releases {"releases":[{"name":"projects/ang-blog-project/releases/cloud.firestore","rulesetName":"projects/ang-blog-project/rulesets/d7dc32b3-7bab-406b-ab3b-2026dd04c3b4","createTime":"2023-10-18T05:19:39.002073Z","updateTime":"2023-10-18T05:19:39.002073Z"}]}
[debug] [2023-10-18T05:29:24.465Z] Found ruleset: projects/ang-blog-project/rulesets/d7dc32b3-7bab-406b-ab3b-2026dd04c3b4
[debug] [2023-10-18T05:29:24.465Z] >>> [apiv2][query] GET https://firebaserules.googleapis.com/v1/projects/ang-blog-project/rulesets/d7dc32b3-7bab-406b-ab3b-2026dd04c3b4 [none]
[debug] [2023-10-18T05:29:26.065Z] <<< [apiv2][status] GET https://firebaserules.googleapis.com/v1/projects/ang-blog-project/rulesets/d7dc32b3-7bab-406b-ab3b-2026dd04c3b4 200
[debug] [2023-10-18T05:29:26.066Z] <<< [apiv2][body] GET https://firebaserules.googleapis.com/v1/projects/ang-blog-project/rulesets/d7dc32b3-7bab-406b-ab3b-2026dd04c3b4 [omitted]
[info] 
[info] Firestore indexes allow you to perform complex queries while
[info] maintaining performance that scales with the size of the result
[info] set. You can keep index definitions in your project directory
[info] and publish them with firebase deploy.
[info] 
[debug] [2023-10-18T05:29:45.344Z] >>> [apiv2][query] GET https://firestore.googleapis.com/v1/projects/ang-blog-project/databases/(default)/collectionGroups/-/indexes [none]
[debug] [2023-10-18T05:29:45.347Z] >>> [apiv2][query] GET https://firestore.googleapis.com/v1/projects/ang-blog-project/databases/(default)/collectionGroups/-/fields?filter=indexConfig.usesAncestorConfig=false OR ttlConfig:* [none]
[debug] [2023-10-18T05:29:46.228Z] <<< [apiv2][status] GET https://firestore.googleapis.com/v1/projects/ang-blog-project/databases/(default)/collectionGroups/-/fields?filter=indexConfig.usesAncestorConfig=false OR ttlConfig:* 200
[debug] [2023-10-18T05:29:46.228Z] <<< [apiv2][body] GET https://firestore.googleapis.com/v1/projects/ang-blog-project/databases/(default)/collectionGroups/-/fields?filter=indexConfig.usesAncestorConfig=false OR ttlConfig:* {"fields":[{"name":"projects/ang-blog-project/databases/(default)/collectionGroups/__default__/fields/*","indexConfig":{"indexes":[{"queryScope":"COLLECTION","fields":[{"fieldPath":"*","order":"ASCENDING"}],"state":"READY"},{"queryScope":"COLLECTION","fields":[{"fieldPath":"*","order":"DESCENDING"}],"state":"READY"},{"queryScope":"COLLECTION","fields":[{"fieldPath":"*","arrayConfig":"CONTAINS"}],"state":"READY"}]}}]}
[debug] [2023-10-18T05:29:47.244Z] <<< [apiv2][status] GET https://firestore.googleapis.com/v1/projects/ang-blog-project/databases/(default)/collectionGroups/-/indexes 200
[debug] [2023-10-18T05:29:47.244Z] <<< [apiv2][body] GET https://firestore.googleapis.com/v1/projects/ang-blog-project/databases/(default)/collectionGroups/-/indexes {}
[info] 
=== Hosting Setup
[info] 
[info] Your public directory is the folder (relative to your project directory) that
[info] will contain Hosting assets to be uploaded with firebase deploy. If you
[info] have a build process for your assets, use your build's output directory.
[info] 
[debug] [2023-10-18T05:30:09.290Z] >>> [apiv2][query] GET https://www.gstatic.com/firebasejs/releases.json [none]
[debug] [2023-10-18T05:30:09.581Z] <<< [apiv2][status] GET https://www.gstatic.com/firebasejs/releases.json 200
[debug] [2023-10-18T05:30:09.582Z] <<< [apiv2][body] GET https://www.gstatic.com/firebasejs/releases.json {"current":{"version":"10.5.0","browserURL":"https://www.gstatic.com/firebasejs/10.5.0/firebase.js","packageURL":"https://www.gstatic.com/firebasejs/10.5.0/firebase.tgz"},"live":{"version":"10.5","browserURL":"https://www.gstatic.com/firebasejs/live/10.5/firebase.js","packageURL":"https://www.gstatic.com/firebasejs/live/10.5/firebase.tgz"},"components":{"analytics":"https://www.gstatic.com/firebasejs/10.5.0/firebase-analytics.js","app":"https://www.gstatic.com/firebasejs/10.5.0/firebase-app.js","app-check":"https://www.gstatic.com/firebasejs/10.5.0/firebase-app-check.js","auth":"https://www.gstatic.com/firebasejs/10.5.0/firebase-auth.js","auth/cordova":"https://www.gstatic.com/firebasejs/10.5.0/firebase-auth/cordova.js","functions":"https://www.gstatic.com/firebasejs/10.5.0/firebase-functions.js","firestore":"https://www.gstatic.com/firebasejs/10.5.0/firebase-firestore.js","firestore/lite":"https://www.gstatic.com/firebasejs/10.5.0/firebase-firestore/lite.js","installations":"https://www.gstatic.com/firebasejs/10.5.0/firebase-installations.js","storage":"https://www.gstatic.com/firebasejs/10.5.0/firebase-storage.js","performance":"https://www.gstatic.com/firebasejs/10.5.0/firebase-performance.js","remote-config":"https://www.gstatic.com/firebasejs/10.5.0/firebase-remote-config.js","messaging":"https://www.gstatic.com/firebasejs/10.5.0/firebase-messaging.js","messaging/sw":"https://www.gstatic.com/firebasejs/10.5.0/firebase-messaging/sw.js","database":"https://www.gstatic.com/firebasejs/10.5.0/firebase-database.js","firestore.memory":"https://www.gstatic.com/firebasejs/10.5.0/firebase-firestore.memory.js"}}
[info] +  Wrote public/index.html 
[info] 
[info] i  Didn't detect a .git folder. Assuming E:\Blog Application\ang-blog-dashboard is the project root. 
[info] i  Authorizing with GitHub to upload your service account to a GitHub repository's secrets store. 
[info] 
[info] Visit this URL on this device to log in:
[info] https://github.com/login/oauth/authorize?client_id=89cf50f02ac6aaed3484&state=37537454&redirect_uri=http%3A%2F%2Flocalhost%3A9005&scope=read%3Auser%20repo%20public_repo
[info] 
[info] Waiting for authentication...
[debug] [2023-10-18T05:30:23.062Z] >>> [apiv2][query] POST https://github.com/login/oauth/access_token [none]
[debug] [2023-10-18T05:30:23.062Z] >>> [apiv2][body] POST https://github.com/login/oauth/access_token [stream]
[debug] [2023-10-18T05:30:23.599Z] <<< [apiv2][status] POST https://github.com/login/oauth/access_token 200
[debug] [2023-10-18T05:30:23.599Z] <<< [apiv2][body] POST https://github.com/login/oauth/access_token {"access_token":"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","token_type":"bearer","scope":"read:user,repo"}
[debug] [2023-10-18T05:30:23.617Z] >>> [apiv2][query] GET https://api.github.com/user [none]
[debug] [2023-10-18T05:30:24.204Z] <<< [apiv2][status] GET https://api.github.com/user 200
[debug] [2023-10-18T05:30:24.204Z] <<< [apiv2][body] GET https://api.github.com/user {"login":"shruti8329","id":113300722,"node_id":"U_kgDOBsDU8g","avatar_url":"https://avatars.githubusercontent.com/u/113300722?v=4","gravatar_id":"","url":"https://api.github.com/users/shruti8329","html_url":"https://github.com/shruti8329","followers_url":"https://api.github.com/users/shruti8329/followers","following_url":"https://api.github.com/users/shruti8329/following{/other_user}","gists_url":"https://api.github.com/users/shruti8329/gists{/gist_id}","starred_url":"https://api.github.com/users/shruti8329/starred{/owner}{/repo}","subscriptions_url":"https://api.github.com/users/shruti8329/subscriptions","organizations_url":"https://api.github.com/users/shruti8329/orgs","repos_url":"https://api.github.com/users/shruti8329/repos","events_url":"https://api.github.com/users/shruti8329/events{/privacy}","received_events_url":"https://api.github.com/users/shruti8329/received_events","type":"User","site_admin":false,"name":"shruti singh","company":null,"blog":"","location":null,"email":null,"hireable":null,"bio":null,"twitter_username":null,"public_repos":1,"public_gists":0,"followers":0,"following":0,"created_at":"2022-09-11T15:38:19Z","updated_at":"2023-10-12T04:41:10Z","private_gists":0,"total_private_repos":1,"owned_private_repos":1,"disk_usage":5,"collaborators":0,"two_factor_authentication":false,"plan":{"name":"free","space":976562499,"collaborators":0,"private_repos":10000}}
[info] 
[info] +  Success! Logged into GitHub as shruti8329 
[info] 
[debug] [2023-10-18T05:30:34.800Z] >>> [apiv2][query] GET https://api.github.com/repos//actions/secrets/public-key type=owner
[debug] [2023-10-18T05:30:35.205Z] <<< [apiv2][status] GET https://api.github.com/repos//actions/secrets/public-key 404
[debug] [2023-10-18T05:30:35.205Z] <<< [apiv2][body] GET https://api.github.com/repos//actions/secrets/public-key {"message":"Not Found","documentation_url":"https://docs.github.com/rest"}
[info] 
[info] 
[error] !  The provided authorization cannot be used with this repository. If this repository is in an organization, did you remember to grant access? 
[info] 
[info] i  Action required: Visit this URL to ensure access has been granted to the appropriate organization(s) for the Firebase CLI GitHub OAuth App: 
[info] https://github.com/settings/connections/applications/89cf50f02ac6aaed3484
[info] 
